{"C:\\Users\\user\\Desktop\\Projeler\\react\\rick-and-morty\\src\\App.js": {"path":"C:\\Users\\user\\Desktop\\Projeler\\react\\rick-and-morty\\src\\App.js","statementMap":{"0":{"start":{"line":12,"column":38},"end":{"line":12,"column":50}},"1":{"start":{"line":13,"column":30},"end":{"line":18,"column":4}},"2":{"start":{"line":20,"column":22},"end":{"line":23,"column":3}},"3":{"start":{"line":21,"column":14},"end":{"line":21,"column":202}},"4":{"start":{"line":22,"column":4},"end":{"line":22,"column":15}},"5":{"start":{"line":25,"column":2},"end":{"line":33,"column":9}},"6":{"start":{"line":26,"column":4},"end":{"line":32,"column":9}},"7":{"start":{"line":28,"column":8},"end":{"line":28,"column":31}},"8":{"start":{"line":31,"column":8},"end":{"line":31,"column":40}},"9":{"start":{"line":35,"column":2},"end":{"line":76,"column":4}},"10":{"start":{"line":42,"column":12},"end":{"line":47,"column":14}},"11":{"start":{"line":55,"column":28},"end":{"line":58,"column":11}},"12":{"start":{"line":57,"column":14},"end":{"line":57,"column":109}},"13":{"start":{"line":59,"column":10},"end":{"line":63,"column":12}},"14":{"start":{"line":69,"column":10},"end":{"line":71,"column":40}}},"fnMap":{"0":{"name":"App","decl":{"start":{"line":11,"column":24},"end":{"line":11,"column":27}},"loc":{"start":{"line":11,"column":30},"end":{"line":77,"column":1}},"line":11},"1":{"name":"(anonymous_1)","decl":{"start":{"line":20,"column":22},"end":{"line":20,"column":23}},"loc":{"start":{"line":20,"column":28},"end":{"line":23,"column":3}},"line":20},"2":{"name":"(anonymous_2)","decl":{"start":{"line":25,"column":12},"end":{"line":25,"column":13}},"loc":{"start":{"line":25,"column":18},"end":{"line":33,"column":3}},"line":25},"3":{"name":"(anonymous_3)","decl":{"start":{"line":27,"column":12},"end":{"line":27,"column":13}},"loc":{"start":{"line":27,"column":26},"end":{"line":29,"column":7}},"line":27},"4":{"name":"(anonymous_4)","decl":{"start":{"line":30,"column":12},"end":{"line":30,"column":13}},"loc":{"start":{"line":30,"column":26},"end":{"line":32,"column":7}},"line":30},"5":{"name":"(anonymous_5)","decl":{"start":{"line":40,"column":16},"end":{"line":40,"column":17}},"loc":{"start":{"line":40,"column":22},"end":{"line":49,"column":9}},"line":40},"6":{"name":"(anonymous_6)","decl":{"start":{"line":54,"column":16},"end":{"line":54,"column":17}},"loc":{"start":{"line":54,"column":33},"end":{"line":64,"column":9}},"line":54},"7":{"name":"(anonymous_7)","decl":{"start":{"line":56,"column":12},"end":{"line":56,"column":13}},"loc":{"start":{"line":57,"column":14},"end":{"line":57,"column":109}},"line":57},"8":{"name":"(anonymous_8)","decl":{"start":{"line":68,"column":16},"end":{"line":68,"column":17}},"loc":{"start":{"line":68,"column":22},"end":{"line":72,"column":9}},"line":68}},"branchMap":{"0":{"loc":{"start":{"line":21,"column":67},"end":{"line":21,"column":101}},"type":"cond-expr","locations":[{"start":{"line":21,"column":83},"end":{"line":21,"column":96}},{"start":{"line":21,"column":99},"end":{"line":21,"column":101}}],"line":21},"1":{"loc":{"start":{"line":21,"column":113},"end":{"line":21,"column":149}},"type":"cond-expr","locations":[{"start":{"line":21,"column":130},"end":{"line":21,"column":144}},{"start":{"line":21,"column":147},"end":{"line":21,"column":149}}],"line":21},"2":{"loc":{"start":{"line":21,"column":160},"end":{"line":21,"column":200}},"type":"cond-expr","locations":[{"start":{"line":21,"column":179},"end":{"line":21,"column":195}},{"start":{"line":21,"column":198},"end":{"line":21,"column":200}}],"line":21}},"s":{"0":1,"1":1,"2":1,"3":0,"4":0,"5":1,"6":1,"7":0,"8":0,"9":1,"10":1,"11":0,"12":0,"13":0,"14":0},"f":{"0":1,"1":0,"2":1,"3":0,"4":0,"5":1,"6":0,"7":0,"8":0},"b":{"0":[0,0],"1":[0,0],"2":[0,0]},"_coverageSchema":"1a1c01bbd47fc00a2c39e90264f33305004495a9","hash":"8583bdbe1cdbda74920372ecc56a7523a303179c"}
,"C:\\Users\\user\\Desktop\\Projeler\\react\\rick-and-morty\\src\\pages\\CharacterDetail\\CharacterDetail.js": {"path":"C:\\Users\\user\\Desktop\\Projeler\\react\\rick-and-morty\\src\\pages\\CharacterDetail\\CharacterDetail.js","statementMap":{"0":{"start":{"line":9,"column":23},"end":{"line":9,"column":73}},"1":{"start":{"line":10,"column":24},"end":{"line":10,"column":65}},"2":{"start":{"line":11,"column":36},"end":{"line":11,"column":48}},"3":{"start":{"line":12,"column":52},"end":{"line":12,"column":64}},"4":{"start":{"line":14,"column":2},"end":{"line":40,"column":8}},"5":{"start":{"line":18,"column":4},"end":{"line":18,"column":44}},"6":{"start":{"line":19,"column":4},"end":{"line":19,"column":26}},"7":{"start":{"line":44,"column":4},"end":{"line":47,"column":6}},"8":{"start":{"line":46,"column":6},"end":{"line":46,"column":43}},"9":{"start":{"line":48,"column":4},"end":{"line":48,"column":21}},"10":{"start":{"line":52,"column":4},"end":{"line":52,"column":33}},"11":{"start":{"line":56,"column":19},"end":{"line":56,"column":38}},"12":{"start":{"line":57,"column":22},"end":{"line":57,"column":54}},"13":{"start":{"line":57,"column":40},"end":{"line":57,"column":53}},"14":{"start":{"line":58,"column":4},"end":{"line":58,"column":33}},"15":{"start":{"line":62,"column":22},"end":{"line":62,"column":57}},"16":{"start":{"line":63,"column":4},"end":{"line":63,"column":23}},"17":{"start":{"line":67,"column":4},"end":{"line":69,"column":5}},"18":{"start":{"line":68,"column":6},"end":{"line":68,"column":26}},"19":{"start":{"line":71,"column":20},"end":{"line":71,"column":33}},"20":{"start":{"line":72,"column":4},"end":{"line":72,"column":43}},"21":{"start":{"line":72,"column":36},"end":{"line":72,"column":41}},"22":{"start":{"line":76,"column":23},"end":{"line":79,"column":23}},"23":{"start":{"line":78,"column":8},"end":{"line":78,"column":42}},"24":{"start":{"line":81,"column":4},"end":{"line":81,"column":22}},"25":{"start":{"line":84,"column":2},"end":{"line":92,"column":4}}},"fnMap":{"0":{"name":"CharacterDetail","decl":{"start":{"line":8,"column":24},"end":{"line":8,"column":39}},"loc":{"start":{"line":8,"column":47},"end":{"line":93,"column":1}},"line":8},"1":{"name":"(anonymous_1)","decl":{"start":{"line":14,"column":12},"end":{"line":14,"column":13}},"loc":{"start":{"line":14,"column":24},"end":{"line":40,"column":3}},"line":14},"2":{"name":"getCharacter","decl":{"start":{"line":42,"column":17},"end":{"line":42,"column":29}},"loc":{"start":{"line":42,"column":32},"end":{"line":49,"column":3}},"line":42},"3":{"name":"(anonymous_3)","decl":{"start":{"line":45,"column":10},"end":{"line":45,"column":11}},"loc":{"start":{"line":45,"column":22},"end":{"line":47,"column":5}},"line":45},"4":{"name":"printCharacter","decl":{"start":{"line":51,"column":17},"end":{"line":51,"column":31}},"loc":{"start":{"line":51,"column":34},"end":{"line":53,"column":3}},"line":51},"5":{"name":"getFormattedName","decl":{"start":{"line":55,"column":11},"end":{"line":55,"column":27}},"loc":{"start":{"line":55,"column":38},"end":{"line":59,"column":3}},"line":55},"6":{"name":"(anonymous_6)","decl":{"start":{"line":57,"column":35},"end":{"line":57,"column":36}},"loc":{"start":{"line":57,"column":40},"end":{"line":57,"column":53}},"line":57},"7":{"name":"capitalize","decl":{"start":{"line":61,"column":11},"end":{"line":61,"column":21}},"loc":{"start":{"line":61,"column":27},"end":{"line":64,"column":3}},"line":61},"8":{"name":"sortArrayDesc","decl":{"start":{"line":66,"column":11},"end":{"line":66,"column":24}},"loc":{"start":{"line":66,"column":32},"end":{"line":73,"column":3}},"line":66},"9":{"name":"(anonymous_9)","decl":{"start":{"line":72,"column":26},"end":{"line":72,"column":27}},"loc":{"start":{"line":72,"column":36},"end":{"line":72,"column":41}},"line":72},"10":{"name":"extractEpidoseIdsFromUrls","decl":{"start":{"line":75,"column":11},"end":{"line":75,"column":36}},"loc":{"start":{"line":75,"column":54},"end":{"line":82,"column":3}},"line":75},"11":{"name":"(anonymous_11)","decl":{"start":{"line":77,"column":7},"end":{"line":77,"column":8}},"loc":{"start":{"line":78,"column":8},"end":{"line":78,"column":42}},"line":78}},"branchMap":{"0":{"loc":{"start":{"line":67,"column":4},"end":{"line":69,"column":5}},"type":"if","locations":[{"start":{"line":67,"column":4},"end":{"line":69,"column":5}},{"start":{"line":67,"column":4},"end":{"line":69,"column":5}}],"line":67}},"s":{"0":0,"1":0,"2":0,"3":0,"4":0,"5":0,"6":0,"7":0,"8":0,"9":0,"10":0,"11":0,"12":0,"13":0,"14":0,"15":0,"16":0,"17":0,"18":0,"19":0,"20":0,"21":0,"22":0,"23":0,"24":0,"25":0},"f":{"0":0,"1":0,"2":0,"3":0,"4":0,"5":0,"6":0,"7":0,"8":0,"9":0,"10":0,"11":0},"b":{"0":[0,0]},"_coverageSchema":"1a1c01bbd47fc00a2c39e90264f33305004495a9","hash":"ea5490175c144bf698f6f74b91642a69fcfb894e"}
,"C:\\Users\\user\\Desktop\\Projeler\\react\\rick-and-morty\\src\\pages\\Homepage\\Homepage.js": {"path":"C:\\Users\\user\\Desktop\\Projeler\\react\\rick-and-morty\\src\\pages\\Homepage\\Homepage.js","statementMap":{"0":{"start":{"line":8,"column":4},"end":{"line":23,"column":5}}},"fnMap":{"0":{"name":"Homepage","decl":{"start":{"line":7,"column":24},"end":{"line":7,"column":32}},"loc":{"start":{"line":7,"column":66},"end":{"line":24,"column":1}},"line":7}},"branchMap":{},"s":{"0":1},"f":{"0":1},"b":{},"_coverageSchema":"1a1c01bbd47fc00a2c39e90264f33305004495a9","hash":"2e4bd58cbe42cb4eacb040d5977f89f4c9e4a07a"}
}
