{"C:\\Users\\user\\Desktop\\Projeler\\react\\rick-and-morty\\src\\pages\\CharacterDetail\\CharacterDetail.js": {"path":"C:\\Users\\user\\Desktop\\Projeler\\react\\rick-and-morty\\src\\pages\\CharacterDetail\\CharacterDetail.js","statementMap":{"0":{"start":{"line":10,"column":25},"end":{"line":10,"column":75}},"1":{"start":{"line":11,"column":26},"end":{"line":11,"column":67}},"2":{"start":{"line":12,"column":38},"end":{"line":12,"column":50}},"3":{"start":{"line":13,"column":52},"end":{"line":13,"column":64}},"4":{"start":{"line":15,"column":4},"end":{"line":26,"column":11}},"5":{"start":{"line":16,"column":26},"end":{"line":16,"column":46}},"6":{"start":{"line":17,"column":8},"end":{"line":17,"column":32}},"7":{"start":{"line":18,"column":32},"end":{"line":18,"column":59}},"8":{"start":{"line":20,"column":31},"end":{"line":24,"column":9}},"9":{"start":{"line":22,"column":16},"end":{"line":22,"column":73}},"10":{"start":{"line":22,"column":54},"end":{"line":22,"column":72}},"11":{"start":{"line":25,"column":8},"end":{"line":25,"column":52}},"12":{"start":{"line":30,"column":8},"end":{"line":32,"column":11}},"13":{"start":{"line":31,"column":12},"end":{"line":31,"column":49}},"14":{"start":{"line":33,"column":8},"end":{"line":33,"column":25}},"15":{"start":{"line":37,"column":8},"end":{"line":37,"column":23}},"16":{"start":{"line":40,"column":4},"end":{"line":51,"column":6}}},"fnMap":{"0":{"name":"CharacterDetail","decl":{"start":{"line":9,"column":24},"end":{"line":9,"column":39}},"loc":{"start":{"line":9,"column":47},"end":{"line":52,"column":1}},"line":9},"1":{"name":"(anonymous_1)","decl":{"start":{"line":15,"column":14},"end":{"line":15,"column":15}},"loc":{"start":{"line":15,"column":26},"end":{"line":26,"column":5}},"line":15},"2":{"name":"(anonymous_2)","decl":{"start":{"line":21,"column":32},"end":{"line":21,"column":33}},"loc":{"start":{"line":22,"column":16},"end":{"line":22,"column":73}},"line":22},"3":{"name":"(anonymous_3)","decl":{"start":{"line":22,"column":40},"end":{"line":22,"column":41}},"loc":{"start":{"line":22,"column":54},"end":{"line":22,"column":72}},"line":22},"4":{"name":"getCharacter","decl":{"start":{"line":28,"column":19},"end":{"line":28,"column":31}},"loc":{"start":{"line":28,"column":34},"end":{"line":34,"column":5}},"line":28},"5":{"name":"(anonymous_5)","decl":{"start":{"line":30,"column":59},"end":{"line":30,"column":60}},"loc":{"start":{"line":30,"column":73},"end":{"line":32,"column":9}},"line":30},"6":{"name":"deneme","decl":{"start":{"line":36,"column":13},"end":{"line":36,"column":19}},"loc":{"start":{"line":36,"column":22},"end":{"line":38,"column":5}},"line":36}},"branchMap":{},"s":{"0":1,"1":1,"2":1,"3":1,"4":1,"5":1,"6":0,"7":0,"8":0,"9":0,"10":0,"11":0,"12":1,"13":0,"14":0,"15":0,"16":1},"f":{"0":1,"1":1,"2":0,"3":0,"4":1,"5":0,"6":0},"b":{},"_coverageSchema":"1a1c01bbd47fc00a2c39e90264f33305004495a9","hash":"5c77c3370e503b83c8262b735d7bdbc3385887d1"}
}
