TN:
SF:src\App.js
FN:11,App
FN:20,(anonymous_1)
FN:25,(anonymous_2)
FN:27,(anonymous_3)
FN:30,(anonymous_4)
FN:40,(anonymous_5)
FN:54,(anonymous_6)
FN:56,(anonymous_7)
FN:68,(anonymous_8)
FNF:9
FNH:0
FNDA:0,App
FNDA:0,(anonymous_1)
FNDA:0,(anonymous_2)
FNDA:0,(anonymous_3)
FNDA:0,(anonymous_4)
FNDA:0,(anonymous_5)
FNDA:0,(anonymous_6)
FNDA:0,(anonymous_7)
FNDA:0,(anonymous_8)
DA:12,0
DA:13,0
DA:20,0
DA:21,0
DA:22,0
DA:25,0
DA:26,0
DA:28,0
DA:31,0
DA:35,0
DA:42,0
DA:55,0
DA:57,0
DA:59,0
DA:69,0
LF:15
LH:0
BRDA:21,0,0,0
BRDA:21,0,1,0
BRDA:21,1,0,0
BRDA:21,1,1,0
BRDA:21,2,0,0
BRDA:21,2,1,0
BRF:6
BRH:0
end_of_record
TN:
SF:src\utils.js
FN:1,capitalize
FN:10,getFormattedName
FN:16,(anonymous_2)
FNF:3
FNH:3
FNDA:6,capitalize
FNDA:3,getFormattedName
FNDA:4,(anonymous_2)
DA:2,6
DA:3,1
DA:6,5
DA:7,5
DA:11,3
DA:12,1
DA:15,2
DA:16,4
DA:17,2
LF:9
LH:9
BRDA:2,0,0,1
BRDA:2,0,1,5
BRDA:11,1,0,1
BRDA:11,1,1,2
BRF:4
BRH:4
end_of_record
TN:
SF:src\pages\CharacterDetail\CharacterDetail.js
FN:9,CharacterDetail
FN:15,(anonymous_1)
FN:21,(anonymous_2)
FN:22,(anonymous_3)
FN:28,getCharacter
FN:30,(anonymous_5)
FNF:6
FNH:3
FNDA:1,CharacterDetail
FNDA:1,(anonymous_1)
FNDA:0,(anonymous_2)
FNDA:0,(anonymous_3)
FNDA:1,getCharacter
FNDA:0,(anonymous_5)
DA:10,1
DA:11,1
DA:12,1
DA:13,1
DA:15,1
DA:16,1
DA:17,0
DA:18,0
DA:20,0
DA:22,0
DA:25,0
DA:30,1
DA:31,0
DA:33,0
DA:36,1
LF:15
LH:8
BRF:0
BRH:0
end_of_record
