TN:
SF:src\App.js
FN:11,App
FN:20,(anonymous_1)
FN:25,(anonymous_2)
FN:27,(anonymous_3)
FN:30,(anonymous_4)
FN:40,(anonymous_5)
FN:54,(anonymous_6)
FN:56,(anonymous_7)
FN:68,(anonymous_8)
FNF:9
FNH:3
FNDA:1,App
FNDA:0,(anonymous_1)
FNDA:1,(anonymous_2)
FNDA:0,(anonymous_3)
FNDA:0,(anonymous_4)
FNDA:1,(anonymous_5)
FNDA:0,(anonymous_6)
FNDA:0,(anonymous_7)
FNDA:0,(anonymous_8)
DA:12,1
DA:13,1
DA:20,1
DA:21,0
DA:22,0
DA:25,1
DA:26,1
DA:28,0
DA:31,0
DA:35,1
DA:42,1
DA:55,0
DA:57,0
DA:59,0
DA:69,0
LF:15
LH:7
BRDA:21,0,0,0
BRDA:21,0,1,0
BRDA:21,1,0,0
BRDA:21,1,1,0
BRDA:21,2,0,0
BRDA:21,2,1,0
BRF:6
BRH:0
end_of_record
TN:
SF:src\pages\CharacterDetail\CharacterDetail.js
FN:8,CharacterDetail
FN:14,(anonymous_1)
FN:42,getCharacter
FN:45,(anonymous_3)
FN:51,printCharacter
FN:55,getFormattedName
FN:57,(anonymous_6)
FN:61,capitalize
FN:66,sortArrayDesc
FN:72,(anonymous_9)
FN:75,extractEpidoseIdsFromUrls
FN:77,(anonymous_11)
FNF:12
FNH:0
FNDA:0,CharacterDetail
FNDA:0,(anonymous_1)
FNDA:0,getCharacter
FNDA:0,(anonymous_3)
FNDA:0,printCharacter
FNDA:0,getFormattedName
FNDA:0,(anonymous_6)
FNDA:0,capitalize
FNDA:0,sortArrayDesc
FNDA:0,(anonymous_9)
FNDA:0,extractEpidoseIdsFromUrls
FNDA:0,(anonymous_11)
DA:9,0
DA:10,0
DA:11,0
DA:12,0
DA:14,0
DA:18,0
DA:19,0
DA:44,0
DA:46,0
DA:48,0
DA:52,0
DA:56,0
DA:57,0
DA:58,0
DA:62,0
DA:63,0
DA:67,0
DA:68,0
DA:71,0
DA:72,0
DA:76,0
DA:78,0
DA:81,0
DA:84,0
LF:24
LH:0
BRDA:67,0,0,0
BRDA:67,0,1,0
BRF:2
BRH:0
end_of_record
TN:
SF:src\pages\Homepage\Homepage.js
FN:7,Homepage
FNF:1
FNH:1
FNDA:1,Homepage
DA:8,1
LF:1
LH:1
BRF:0
BRH:0
end_of_record
